<?xml version="1.0" encoding="UTF-8"?>
<testsuite name="SILab2Test" tests="2" skipped="0" failures="0" errors="0" timestamp="2020-06-01T00:41:42" hostname="vazar7" time="0.041">
  <properties/>
  <testcase name="everyStatementTest()" classname="SILab2Test" time="0.036"/>
  <testcase name="everyBranchTest()" classname="SILab2Test" time="0.003"/>
  <system-out><![CDATA[]]></system-out>
  <system-err><![CDATA[]]></system-err>
</testsuite>
